-------------------------------------------------------------------------------
Test set: com.example.sample.SampleApplicationTests
-------------------------------------------------------------------------------
Tests run: 1, Failures: 0, Errors: 1, Skipped: 0, Time elapsed: 11.29 s <<< FAILURE! - in com.example.sample.SampleApplicationTests
contextLoads(com.example.sample.SampleApplicationTests)  Time elapsed: 0.03 s  <<< ERROR!
java.lang.IllegalStateException: Failed to load ApplicationContext
Caused by: org.springframework.beans.factory.UnsatisfiedDependencyException: 
Error creating bean with name 'documentationPluginsBootstrapper' defined in URL [jar:file:/C:/Users/Linga357/.m2/repository/io/springfox/springfox-spring-web/2.7.0/springfox-spring-web-2.7.0.jar!/springfox/documentation/spring/web/plugins/DocumentationPluginsBootstrapper.class]: Unsatisfied dependency expressed through constructor parameter 1; nested exception is org.springframework.beans.factory.UnsatisfiedDependencyException: Error creating bean with name 'webMvcRequestHandlerProvider' defined in URL [jar:file:/C:/Users/Linga357/.m2/repository/io/springfox/springfox-spring-web/2.7.0/springfox-spring-web-2.7.0.jar!/springfox/documentation/spring/web/plugins/WebMvcRequestHandlerProvider.class]: Unsatisfied dependency expressed through constructor parameter 0; nested exception is org.springframework.beans.factory.BeanCreationException: Error creating bean with name 'requestMappingHandlerMapping' defined in class path resource [org/springframework/boot/autoconfigure/web/servlet/WebMvcAutoConfiguration$EnableWebMvcConfiguration.class]: Invocation of init method failed; nested exception is java.lang.IllegalStateException: Ambiguous mapping. Cannot map 'personalController' method 
public org.springframework.http.ResponseEntity<java.lang.Object> com.example.sample.controller.PersonalController.getData1()
to {GET /personal/get, produces [application/json;charset=UTF-8 || application/xml]}: There is already 'personalController' bean method
public org.springframework.http.ResponseEntity<java.lang.Object> com.example.sample.controller.PersonalController.getData() mapped.
Caused by: org.springframework.beans.factory.UnsatisfiedDependencyException: 
Error creating bean with name 'webMvcRequestHandlerProvider' defined in URL [jar:file:/C:/Users/Linga357/.m2/repository/io/springfox/springfox-spring-web/2.7.0/springfox-spring-web-2.7.0.jar!/springfox/documentation/spring/web/plugins/WebMvcRequestHandlerProvider.class]: Unsatisfied dependency expressed through constructor parameter 0; nested exception is org.springframework.beans.factory.BeanCreationException: Error creating bean with name 'requestMappingHandlerMapping' defined in class path resource [org/springframework/boot/autoconfigure/web/servlet/WebMvcAutoConfiguration$EnableWebMvcConfiguration.class]: Invocation of init method failed; nested exception is java.lang.IllegalStateException: Ambiguous mapping. Cannot map 'personalController' method 
public org.springframework.http.ResponseEntity<java.lang.Object> com.example.sample.controller.PersonalController.getData1()
to {GET /personal/get, produces [application/json;charset=UTF-8 || application/xml]}: There is already 'personalController' bean method
public org.springframework.http.ResponseEntity<java.lang.Object> com.example.sample.controller.PersonalController.getData() mapped.
Caused by: org.springframework.beans.factory.BeanCreationException: 
Error creating bean with name 'requestMappingHandlerMapping' defined in class path resource [org/springframework/boot/autoconfigure/web/servlet/WebMvcAutoConfiguration$EnableWebMvcConfiguration.class]: Invocation of init method failed; nested exception is java.lang.IllegalStateException: Ambiguous mapping. Cannot map 'personalController' method 
public org.springframework.http.ResponseEntity<java.lang.Object> com.example.sample.controller.PersonalController.getData1()
to {GET /personal/get, produces [application/json;charset=UTF-8 || application/xml]}: There is already 'personalController' bean method
public org.springframework.http.ResponseEntity<java.lang.Object> com.example.sample.controller.PersonalController.getData() mapped.
Caused by: java.lang.IllegalStateException: 
Ambiguous mapping. Cannot map 'personalController' method 
public org.springframework.http.ResponseEntity<java.lang.Object> com.example.sample.controller.PersonalController.getData1()
to {GET /personal/get, produces [application/json;charset=UTF-8 || application/xml]}: There is already 'personalController' bean method
public org.springframework.http.ResponseEntity<java.lang.Object> com.example.sample.controller.PersonalController.getData() mapped.

